<?xml version="1.0" encoding="UTF-8"?>
<!-- Generated by org.testng.reporters.JUnitXMLReporter -->
<testsuite ignored="0" hostname="Chandroo" failures="1" tests="3" name="Test" time="9.611" errors="0" timestamp="2025-09-20T19:58:10 IST">
  <testcase classname="Test.LoginPageTest" name="verifyLoginWithInvalidCredentials" time="1.019"/>
  <testcase classname="Test.LoginPageTest" name="verifyLoginWithValidCredentials" time="0.999"/>
  <testcase classname="Test.TransferFundPageTest" name="transferFundsPageTest" time="0.002">
    <failure type="java.lang.NullPointerException">
      <![CDATA[java.lang.NullPointerException
at Pages.TransferFundsPage.transferFundButtonClick(TransferFundsPage.java:25)
at Test.TransferFundPageTest.transferFundsPageTest(TransferFundPageTest.java:15)
at java.base/java.util.ArrayList.forEach(ArrayList.java:1541)
... Removed 27 stack frames]]>
    </failure>
  </testcase> <!-- transferFundsPageTest -->
</testsuite> <!-- Test -->
