<?xml version="1.0" encoding="UTF-8"?>
<!-- Generated by org.testng.reporters.JUnitXMLReporter -->
<testsuite ignored="0" hostname="Chandroo" failures="1" tests="1" name="Parabank TransferFundPage Test" time="0.006" errors="0" timestamp="2025-09-21T00:30:36 IST">
  <testcase classname="Test.TransferFundPageTest" name="transferFundsPageTest" time="0.002">
    <failure type="java.lang.NullPointerException">
      <![CDATA[java.lang.NullPointerException
at Pages.TransferFundsPage.transferFundButtonClick(TransferFundsPage.java:25)
at Test.TransferFundPageTest.transferFundsPageTest(TransferFundPageTest.java:15)
at java.base/java.util.ArrayList.forEach(ArrayList.java:1541)
... Removed 27 stack frames]]>
    </failure>
  </testcase> <!-- transferFundsPageTest -->
</testsuite> <!-- Parabank TransferFundPage Test -->
