<?xml version="1.0" encoding="UTF-8"?>
<!-- Generated by org.testng.reporters.JUnitXMLReporter -->
<testsuite ignored="0" hostname="Chandroo" failures="1" tests="3" name="Parabank Smoke Test" time="6.79" errors="0" timestamp="2025-10-14T20:29:47 IST">
  <testcase classname="Test.RegisterPageTest" name="RegistrationProcessTest" time="2.744"/>
  <testcase classname="Test.LoginPageTest" name="verifyLoginWithValidCredentials" time="4.006">
    <failure type="java.lang.AssertionError" message="Title of the Page mismatched expected [ParaBank | Accounts Overview] but found [ParaBank | Error]">
      <![CDATA[java.lang.AssertionError: Title of the Page mismatched expected [ParaBank | Accounts Overview] but found [ParaBank | Error]
at Test.LoginPageTest.verifyLoginWithValidCredentials(LoginPageTest.java:37)
at java.base/java.util.ArrayList.forEach(ArrayList.java:1541)
... Removed 32 stack frames]]>
    </failure>
  </testcase> <!-- verifyLoginWithValidCredentials -->
  <testcase classname="Test.TransferFundPageTest" name="transferFundsPageTest" time="0.0">
    <skipped/>
  </testcase> <!-- transferFundsPageTest -->
</testsuite> <!-- Parabank Smoke Test -->
